<?xml version="1.0" encoding="UTF-8"?>
<!-- Generated by org.testng.reporters.JUnitXMLReporter -->
<testsuite ignored="0" hostname="DESKTOP-58UFGNN" failures="0" tests="4" name="Surefire test" time="64.029" errors="0" timestamp="2025-04-10T19:13:01 IST">
  <testcase classname="api.test.UserTest" name="testCreateUser" time="11.117"/>
  <testcase classname="api.test.UserTest" name="testReadUserByName" time="10.1"/>
  <testcase classname="api.test.UserTest" name="testUpdateUser" time="25.707"/>
  <testcase classname="api.test.UserTest" name="testDeleteUserByName" time="15.056"/>
</testsuite> <!-- Surefire test -->
