<?xml version="1.0" encoding="UTF-8"?>
<!-- Generated by org.testng.reporters.JUnitXMLReporter -->
<testsuite ignored="0" hostname="DESKTOP-58UFGNN" failures="0" tests="4" name="Surefire test" time="22.209" errors="0" timestamp="2025-04-11T15:42:01 IST">
  <testcase classname="api.test.UserTest" name="testCreateUser" time="10.089"/>
  <testcase classname="api.test.UserTest" name="testReadUserByName" time="3.646"/>
  <testcase classname="api.test.UserTest" name="testUpdateUser" time="4.805"/>
  <testcase classname="api.test.UserTest" name="testDeleteUserByName" time="2.585"/>
</testsuite> <!-- Surefire test -->
