<?xml version="1.0" encoding="UTF-8"?>
<!-- Generated by org.testng.reporters.JUnitXMLReporter -->
<testsuite ignored="0" hostname="DESKTOP-58UFGNN" failures="0" tests="4" name="Default test" time="40.228" errors="0" timestamp="2025-04-10T18:04:08 IST">
  <testcase classname="api.test.UserTest" name="testCreateUser" time="13.035"/>
  <testcase classname="api.test.UserTest" name="testReadUserByName" time="7.757"/>
  <testcase classname="api.test.UserTest" name="testUpdateUser" time="9.683"/>
  <testcase classname="api.test.UserTest" name="testDeleteUserByName" time="8.546"/>
</testsuite> <!-- Default test -->
