<?xml version="1.0" encoding="UTF-8"?>
<!-- Generated by org.testng.reporters.JUnitXMLReporter -->
<testsuite ignored="0" hostname="DESKTOP-58UFGNN" failures="0" tests="4" name="Default test" time="49.935" errors="0" timestamp="2025-04-11T15:34:07 IST">
  <testcase classname="api.test.UserTest" name="testCreateUser" time="6.182"/>
  <testcase classname="api.test.UserTest" name="testReadUserByName" time="7.303"/>
  <testcase classname="api.test.UserTest" name="testUpdateUser" time="25.594"/>
  <testcase classname="api.test.UserTest" name="testDeleteUserByName" time="9.676"/>
</testsuite> <!-- Default test -->
