<?xml version="1.0" encoding="UTF-8"?>
<!-- Generated by org.testng.reporters.JUnitXMLReporter -->
<testsuite ignored="0" hostname="DESKTOP-58UFGNN" failures="0" tests="4" name="Test" time="29.452" errors="0" timestamp="2025-04-10T18:19:49 IST">
  <testcase classname="api.test.UserTest" name="testCreateUser" time="7.35"/>
  <testcase classname="api.test.UserTest" name="testReadUserByName" time="4.26"/>
  <testcase classname="api.test.UserTest" name="testUpdateUser" time="12.962"/>
  <testcase classname="api.test.UserTest" name="testDeleteUserByName" time="3.064"/>
</testsuite> <!-- Test -->
