<?xml version="1.0" encoding="UTF-8"?>
<testng-results ignored="0" total="4" passed="4" failed="0" skipped="0">
  <reporter-output>
  </reporter-output>
  <suite started-at="2025-04-11T15:41:39 IST" name="Surefire suite" finished-at="2025-04-11T15:42:01 IST" duration-ms="22209">
    <groups>
    </groups>
    <test started-at="2025-04-11T15:41:39 IST" name="Surefire test" finished-at="2025-04-11T15:42:01 IST" duration-ms="22209">
      <class name="api.test.UserTest">
        <test-method is-config="true" signature="setData()[pri:0, instance:api.test.UserTest@56528192]" started-at="2025-04-11T15:41:39 IST" name="setData" finished-at="2025-04-11T15:41:40 IST" duration-ms="1015" status="PASS">
          <reporter-output>
          </reporter-output>
        </test-method> <!-- setData -->
        <test-method signature="testCreateUser()[pri:1, instance:api.test.UserTest@56528192]" started-at="2025-04-11T15:41:40 IST" name="testCreateUser" finished-at="2025-04-11T15:41:50 IST" duration-ms="10089" status="PASS">
          <reporter-output>
          </reporter-output>
        </test-method> <!-- testCreateUser -->
        <test-method signature="testReadUserByName()[pri:2, instance:api.test.UserTest@56528192]" started-at="2025-04-11T15:41:50 IST" name="testReadUserByName" finished-at="2025-04-11T15:41:54 IST" depends-on-methods="api.test.UserTest.testCreateUser" duration-ms="3646" status="PASS">
          <reporter-output>
          </reporter-output>
        </test-method> <!-- testReadUserByName -->
        <test-method signature="testUpdateUser()[pri:3, instance:api.test.UserTest@56528192]" started-at="2025-04-11T15:41:54 IST" name="testUpdateUser" finished-at="2025-04-11T15:41:59 IST" depends-on-methods="api.test.UserTest.testCreateUser" duration-ms="4805" status="PASS">
          <reporter-output>
          </reporter-output>
        </test-method> <!-- testUpdateUser -->
        <test-method signature="testDeleteUserByName()[pri:4, instance:api.test.UserTest@56528192]" started-at="2025-04-11T15:41:59 IST" name="testDeleteUserByName" finished-at="2025-04-11T15:42:01 IST" depends-on-methods="api.test.UserTest.testCreateUser" duration-ms="2585" status="PASS">
          <reporter-output>
          </reporter-output>
        </test-method> <!-- testDeleteUserByName -->
      </class> <!-- api.test.UserTest -->
    </test> <!-- Surefire test -->
  </suite> <!-- Surefire suite -->
</testng-results>
