<?xml version="1.0" encoding="UTF-8"?>
<testng-results ignored="0" total="4" passed="4" failed="0" skipped="0">
  <reporter-output>
  </reporter-output>
  <suite started-at="2025-04-10T19:11:57 IST" name="Surefire suite" finished-at="2025-04-10T19:13:01 IST" duration-ms="64029">
    <groups>
    </groups>
    <test started-at="2025-04-10T19:11:57 IST" name="Surefire test" finished-at="2025-04-10T19:13:01 IST" duration-ms="64029">
      <class name="api.test.UserTest">
        <test-method is-config="true" signature="setData()[pri:0, instance:api.test.UserTest@56528192]" started-at="2025-04-10T19:11:57 IST" name="setData" finished-at="2025-04-10T19:11:59 IST" duration-ms="1921" status="PASS">
          <reporter-output>
          </reporter-output>
        </test-method> <!-- setData -->
        <test-method signature="testCreateUser()[pri:1, instance:api.test.UserTest@56528192]" started-at="2025-04-10T19:11:59 IST" name="testCreateUser" finished-at="2025-04-10T19:12:11 IST" duration-ms="11117" status="PASS">
          <reporter-output>
          </reporter-output>
        </test-method> <!-- testCreateUser -->
        <test-method signature="testReadUserByName()[pri:2, instance:api.test.UserTest@56528192]" started-at="2025-04-10T19:12:11 IST" name="testReadUserByName" finished-at="2025-04-10T19:12:21 IST" depends-on-methods="api.test.UserTest.testCreateUser" duration-ms="10100" status="PASS">
          <reporter-output>
          </reporter-output>
        </test-method> <!-- testReadUserByName -->
        <test-method signature="testUpdateUser()[pri:3, instance:api.test.UserTest@56528192]" started-at="2025-04-10T19:12:21 IST" name="testUpdateUser" finished-at="2025-04-10T19:12:46 IST" depends-on-methods="api.test.UserTest.testCreateUser" duration-ms="25707" status="PASS">
          <reporter-output>
          </reporter-output>
        </test-method> <!-- testUpdateUser -->
        <test-method signature="testDeleteUserByName()[pri:4, instance:api.test.UserTest@56528192]" started-at="2025-04-10T19:12:46 IST" name="testDeleteUserByName" finished-at="2025-04-10T19:13:01 IST" depends-on-methods="api.test.UserTest.testCreateUser" duration-ms="15056" status="PASS">
          <reporter-output>
          </reporter-output>
        </test-method> <!-- testDeleteUserByName -->
      </class> <!-- api.test.UserTest -->
    </test> <!-- Surefire test -->
  </suite> <!-- Surefire suite -->
</testng-results>
