<?xml version="1.0" encoding="UTF-8"?>
<testng-results ignored="0" total="4" passed="4" failed="0" skipped="0">
  <reporter-output>
  </reporter-output>
  <suite started-at="2025-04-11T15:34:23 IST" name="Suite" finished-at="2025-04-11T15:34:57 IST" duration-ms="33950">
    <groups>
    </groups>
    <test started-at="2025-04-11T15:34:23 IST" name="Test" finished-at="2025-04-11T15:34:57 IST" duration-ms="33950">
      <class name="api.test.UserTest">
        <test-method is-config="true" signature="setData()[pri:0, instance:api.test.UserTest@235ecd9f]" started-at="2025-04-11T15:34:24 IST" name="setData" finished-at="2025-04-11T15:34:25 IST" duration-ms="918" status="PASS">
          <reporter-output>
          </reporter-output>
        </test-method> <!-- setData -->
        <test-method signature="testCreateUser()[pri:1, instance:api.test.UserTest@235ecd9f]" started-at="2025-04-11T15:34:25 IST" name="testCreateUser" finished-at="2025-04-11T15:34:31 IST" duration-ms="6412" status="PASS">
          <reporter-output>
          </reporter-output>
        </test-method> <!-- testCreateUser -->
        <test-method signature="testReadUserByName()[pri:2, instance:api.test.UserTest@235ecd9f]" started-at="2025-04-11T15:34:31 IST" name="testReadUserByName" finished-at="2025-04-11T15:34:35 IST" depends-on-methods="api.test.UserTest.testCreateUser" duration-ms="3396" status="PASS">
          <reporter-output>
          </reporter-output>
        </test-method> <!-- testReadUserByName -->
        <test-method signature="testUpdateUser()[pri:3, instance:api.test.UserTest@235ecd9f]" started-at="2025-04-11T15:34:35 IST" name="testUpdateUser" finished-at="2025-04-11T15:34:55 IST" depends-on-methods="api.test.UserTest.testCreateUser" duration-ms="20104" status="PASS">
          <reporter-output>
          </reporter-output>
        </test-method> <!-- testUpdateUser -->
        <test-method signature="testDeleteUserByName()[pri:4, instance:api.test.UserTest@235ecd9f]" started-at="2025-04-11T15:34:55 IST" name="testDeleteUserByName" finished-at="2025-04-11T15:34:57 IST" depends-on-methods="api.test.UserTest.testCreateUser" duration-ms="2601" status="PASS">
          <reporter-output>
          </reporter-output>
        </test-method> <!-- testDeleteUserByName -->
      </class> <!-- api.test.UserTest -->
    </test> <!-- Test -->
  </suite> <!-- Suite -->
</testng-results>
